<?xml version="1.0" encoding="UTF-8"?>
<!-- Generated by org.testng.reporters.JUnitReportReporter -->
<testsuite hostname="Raj" failures="0" tests="1" name="com.compsio.test.HomePageTest" time="33.672" errors="0" timestamp="2024-08-18T18:17:49 IST" skipped="0">
  <testcase classname="com.compsio.test.HomePageTest" name="homepageTest" time="33.672"/>
</testsuite> <!-- com.compsio.test.HomePageTest -->
